

Microchip MPLAB XC8 Assembler V2.10 build 88905656 
                                                                                               Thu Nov  7 13:27:55 2019

Microchip MPLAB XC8 C Compiler v2.10 (Free license) build 20190730164152 Og1 
     1                           	processor	18F4550
     2                           	fnconf	rparam,??,?,0
     3                           	opt	pw 120
     4                           	opt	flic
     5                           	psect	idataCOMRAM,global,class=CODE,delta=1,noexec
     6                           	psect	smallconst,global,reloc=2,class=SMALLCONST,delta=1,noexec
     7                           	psect	cinit,global,reloc=2,class=CODE,delta=1
     8                           	psect	bssCOMRAM,global,class=COMRAM,space=1,delta=1,noexec
     9                           	psect	dataCOMRAM,global,class=COMRAM,space=1,delta=1,noexec
    10                           	psect	cstackCOMRAM,global,class=COMRAM,space=1,delta=1,noexec
    11                           	psect	text0,global,reloc=2,class=CODE,delta=1
    12                           	psect	text1,global,reloc=2,class=CODE,delta=1
    13                           	psect	text2,global,reloc=2,class=CODE,delta=1
    14                           	psect	text3,global,reloc=2,class=CODE,delta=1
    15                           	psect	intcode,global,reloc=2,class=CODE,delta=1
    16                           	psect	intcode_body,global,reloc=2,class=CODE,delta=1
    17                           	psect	intsave_regs,global,class=BIGRAM,space=1,delta=1,noexec
    18                           	psect	rparam,global,class=COMRAM,space=1,delta=1,noexec
    19                           	psect	temp,global,ovrld,common,class=COMRAM,space=1,delta=1
    20  0000                     
    21                           ; Version 2.10
    22                           ; Generated 31/07/2019 GMT
    23                           ; 
    24                           ; Copyright © 2019, Microchip Technology Inc. and its subsidiaries ("Microchip")
    25                           ; All rights reserved.
    26                           ; 
    27                           ; This software is developed by Microchip Technology Inc. and its subsidiaries ("Microch
      +                          ip").
    28                           ; 
    29                           ; Redistribution and use in source and binary forms, with or without modification, are
    30                           ; permitted provided that the following conditions are met:
    31                           ; 
    32                           ;     1. Redistributions of source code must retain the above copyright notice, this lis
      +                          t of
    33                           ;        conditions and the following disclaimer.
    34                           ; 
    35                           ;     2. Redistributions in binary form must reproduce the above copyright notice, this 
      +                          list
    36                           ;        of conditions and the following disclaimer in the documentation and/or other
    37                           ;        materials provided with the distribution.
    38                           ; 
    39                           ;     3. Microchip's name may not be used to endorse or promote products derived from th
      +                          is
    40                           ;        software without specific prior written permission.
    41                           ; 
    42                           ; THIS SOFTWARE IS PROVIDED BY MICROCHIP "AS IS" AND ANY EXPRESS OR IMPLIED WARRANTIES,
    43                           ; INCLUDING, BUT NOT LIMITED TO, THE IMPLIED WARRANTIES OF MERCHANTABILITY AND FITNESS F
      +                          OR
    44                           ; PURPOSE ARE DISCLAIMED.  IN NO EVENT SHALL MICROCHIP BE LIABLE FOR ANY DIRECT, INDIREC
      +                          T,
    45                           ; INCIDENTAL, SPECIAL, EXEMPLARY, OR CONSEQUENTIAL DAMAGES (INCLUDING BUT NOT LIMITED TO
    46                           ; PROCUREMENT OF SUBSTITUTE GOODS OR SERVICES; LOSS OF USE, DATA OR PROFITS; OR BUSINESS
    47                           ; INTERRUPTION) HOWSOEVER CAUSED AND ON ANY THEORY OF LIABILITY, WHETHER IN CONTRACT, ST
      +                          RICT
    48                           ; LIABILITY, OR TORT (INCLUDING NEGLIGENCE OR OTHERWISE) ARISING IN ANY WAY OUT OF THE U
      +                          SE OF
    49                           ; THIS SOFTWARE, EVEN IF ADVISED OF THE POSSIBILITY OF SUCH DAMAGE.
    50                           ; 
    51                           ; 
    52                           ; Code-generator required, PIC18F4550 Definitions
    53                           ; 
    54                           ; SFR Addresses
    55  0000                     
    56                           	psect	idataCOMRAM
    57  007F47                     __pidataCOMRAM:
    58                           	opt callstack 0
    59                           
    60                           ;initializer for _TDO_col
    61  007F47  FF                 	db	255
    62                           
    63                           ;initializer for _TDO_fila
    64  007F48  FF                 	db	255
    65                           
    66                           ;initializer for _PWM_OffsetPeriodo
    67  007F49  20                 	db	32
    68                           
    69                           ;initializer for _PWM_UpperByte
    70  007F4A  FF                 	db	255
    71                           
    72                           ;initializer for _ED_Delay
    73  007F4B  01                 	db	1
    74                           
    75                           ;initializer for _PWM_Frecuencia
    76  007F4C  03E8               	dw	1000
    77                           
    78                           	psect	smallconst
    79  002018                     __psmallconst:
    80                           	opt callstack 0
    81  002018  00                 	db	0
    82  002019                     _LCD_CharactersCGRAM:
    83                           	opt callstack 0
    84  002019  10                 	db	16
    85  00201A  10                 	db	16
    86  00201B  10                 	db	16
    87  00201C  10                 	db	16
    88  00201D  10                 	db	16
    89  00201E  10                 	db	16
    90  00201F  10                 	db	16
    91  002020  00                 	db	0
    92  002021  18                 	db	24
    93  002022  18                 	db	24
    94  002023  18                 	db	24
    95  002024  18                 	db	24
    96  002025  18                 	db	24
    97  002026  18                 	db	24
    98  002027  18                 	db	24
    99  002028  00                 	db	0
   100  002029  1C                 	db	28
   101  00202A  1C                 	db	28
   102  00202B  1C                 	db	28
   103  00202C  1C                 	db	28
   104  00202D  1C                 	db	28
   105  00202E  1C                 	db	28
   106  00202F  1C                 	db	28
   107  002030  00                 	db	0
   108  002031  1E                 	db	30
   109  002032  1E                 	db	30
   110  002033  1E                 	db	30
   111  002034  1E                 	db	30
   112  002035  1E                 	db	30
   113  002036  1E                 	db	30
   114  002037  1E                 	db	30
   115  002038  00                 	db	0
   116  002039  1F                 	db	31
   117  00203A  1F                 	db	31
   118  00203B  1F                 	db	31
   119  00203C  1F                 	db	31
   120  00203D  1F                 	db	31
   121  00203E  1F                 	db	31
   122  00203F  1F                 	db	31
   123  002040  00                 	db	0
   124  002041  00                 	db	0
   125  002042  04                 	db	4
   126  002043  02                 	db	2
   127  002044  1F                 	db	31
   128  002045  02                 	db	2
   129  002046  04                 	db	4
   130  002047  00                 	db	0
   131  002048  00                 	db	0
   132  002049  00                 	db	0
   133  00204A  04                 	db	4
   134  00204B  08                 	db	8
   135  00204C  1F                 	db	31
   136  00204D  18                 	db	24
   137  00204E  14                 	db	20
   138  00204F  10                 	db	16
   139  002050  00                 	db	0
   140  002051  0E                 	db	14
   141  002052  0E                 	db	14
   142  002053  0F                 	db	15
   143  002054  1F                 	db	31
   144  002055  04                 	db	4
   145  002056  0A                 	db	10
   146  002057  11                 	db	17
   147  002058  00                 	db	0
   148  002059                     __end_of_LCD_CharactersCGRAM:
   149                           	opt callstack 0
   150  002059                     _teclas:
   151                           	opt callstack 0
   152  002059  31                 	db	49
   153  00205A  32                 	db	50
   154  00205B  33                 	db	51
   155  00205C  34                 	db	52
   156  00205D  35                 	db	53
   157  00205E  36                 	db	54
   158  00205F  37                 	db	55
   159  002060  38                 	db	56
   160  002061  39                 	db	57
   161  002062  45                 	db	69
   162  002063  30                 	db	48
   163  002064  43                 	db	67
   164  002065                     __end_of_teclas:
   165                           	opt callstack 0
   166  0000                     _ADRESL	set	4035
   167  0000                     _ADRESH	set	4036
   168  0000                     _ADCON0bits	set	4034
   169  0000                     _ADCON2	set	4032
   170  0000                     _TRISAbits	set	3986
   171  0000                     _PORTA	set	3968
   172  0000                     _TXREG	set	4013
   173  0000                     _EECON2	set	4007
   174  0000                     _EECON1bits	set	4006
   175  0000                     _EEDATA	set	4008
   176  0000                     _EEADR	set	4009
   177  0000                     _T2CONbits	set	4042
   178  0000                     _CCP1CONbits	set	4029
   179  0000                     _CCPR1L	set	4030
   180  0000                     _PR2	set	4043
   181  0000                     _TRISCbits	set	3988
   182  0000                     _RCREG	set	4014
   183  0000                     _RCSTAbits	set	4011
   184  0000                     _SPBRGH	set	4016
   185  0000                     _SPBRG	set	4015
   186  0000                     _BAUDCONbits	set	4024
   187  0000                     _TXSTAbits	set	4012
   188  0000                     _TRISEbits	set	3990
   189  0000                     _ADCON1	set	4033
   190  0000                     _CMCON	set	4020
   191  0000                     _TRISE	set	3990
   192  0000                     _TRISC	set	3988
   193  0000                     _TRISB	set	3987
   194  0000                     _TRISA	set	3986
   195  0000                     _LATE	set	3981
   196  0000                     _LATC	set	3979
   197  0000                     _LATB	set	3978
   198  0000                     _LATA	set	3977
   199  0000                     _PIE1bits	set	3997
   200  0000                     _PIR1bits	set	3998
   201  0000                     _TMR1H	set	4047
   202  0000                     _TMR1L	set	4046
   203  0000                     _INTCONbits	set	4082
   204  0000                     _T0CONbits	set	4053
   205  0000                     _T1CONbits	set	4045
   206  0000                     _PORTBbits	set	3969
   207  0000                     _PORTB	set	3969
   208  0000                     _LATD	set	3980
   209  0000                     _PORTDbits	set	3971
   210  0000                     _PORTEbits	set	3972
   211  0000                     _TRISD	set	3989
   212  0000                     _TMR0L	set	4054
   213  0000                     _TMR0H	set	4055
   214  0000                     _RBIE	set	32659
   215  0000                     _RBIF	set	32656
   216  0000                     _RBIP	set	32648
   217  0000                     _RBPU	set	32655
   218  0000                     _BUSY	set	31524
   219  0000                     _TMR0IF	set	32658
   220                           
   221                           ; #config settings
   222  002065  00                 	db	0	; dummy byte at the end
   223  0000                     
   224                           	psect	cinit
   225  007FC6                     __pcinit:
   226                           	opt callstack 0
   227  007FC6                     start_initialization:
   228                           	opt callstack 0
   229  007FC6                     __initialization:
   230                           	opt callstack 0
   231                           
   232                           ; Initialize objects allocated to COMRAM (7 bytes)
   233                           ; load TBLPTR registers with __pidataCOMRAM
   234  007FC6  0E47               	movlw	low __pidataCOMRAM
   235  007FC8  6EF6               	movwf	tblptrl,c
   236  007FCA  0E7F               	movlw	high __pidataCOMRAM
   237  007FCC  6EF7               	movwf	tblptrh,c
   238  007FCE  0E00               	movlw	low (__pidataCOMRAM shr (0+16))
   239  007FD0  6EF8               	movwf	tblptru,c
   240  007FD2  EE00  F023         	lfsr	0,__pdataCOMRAM
   241  007FD6  EE10 F007          	lfsr	1,7
   242  007FDA                     copy_data0:
   243  007FDA  0009               	tblrd		*+
   244  007FDC  CFF5 FFEE          	movff	tablat,postinc0
   245  007FE0  50E5               	movf	postdec1,w,c
   246  007FE2  50E1               	movf	fsr1l,w,c
   247  007FE4  E1FA               	bnz	copy_data0
   248                           
   249                           ; Clear objects allocated to COMRAM (34 bytes)
   250  007FE6  EE00  F001         	lfsr	0,__pbssCOMRAM
   251  007FEA  0E22               	movlw	34
   252  007FEC                     clear_0:
   253  007FEC  6AEE               	clrf	postinc0,c
   254  007FEE  06E8               	decf	wreg,f,c
   255  007FF0  E1FD               	bnz	clear_0
   256  007FF2                     end_of_initialization:
   257                           	opt callstack 0
   258  007FF2                     __end_of__initialization:
   259                           	opt callstack 0
   260  007FF2  902A               	bcf	int$flags,0,c	;clear compiler interrupt flag (level 1)
   261  007FF4  922A               	bcf	int$flags,1,c	;clear compiler interrupt flag (level 2)
   262  007FF6  0E00               	movlw	low (__Lmediumconst shr (0+16))
   263  007FF8  6EF8               	movwf	tblptru,c
   264  007FFA  0100               	movlb	0
   265  007FFC  EFA7  F03F         	goto	_main	;jump to C main() function
   266                           
   267                           	psect	bssCOMRAM
   268  000001                     __pbssCOMRAM:
   269                           	opt callstack 0
   270  000001                     _MCTMR_Run:
   271                           	opt callstack 0
   272  000001                     	ds	16
   273  000011                     ED_Debounce@contador_estados:
   274                           	opt callstack 0
   275  000011                     	ds	4
   276  000015                     _PWM_MedioPeriodoSet:
   277                           	opt callstack 0
   278  000015                     	ds	2
   279  000017                     _MCTMR_Eventos:
   280                           	opt callstack 0
   281  000017                     	ds	1
   282  000018                     ED_CuentaPulsos@antkey3:
   283                           	opt callstack 0
   284  000018                     	ds	1
   285  000019                     ED_CuentaPulsos@antkey2:
   286                           	opt callstack 0
   287  000019                     	ds	1
   288  00001A                     ED_CuentaPulsos@antkey1:
   289                           	opt callstack 0
   290  00001A                     	ds	1
   291  00001B                     ED_CuentaPulsos@antkey0:
   292                           	opt callstack 0
   293  00001B                     	ds	1
   294  00001C                     _PWM_MultiplicadorSet:
   295                           	opt callstack 0
   296  00001C                     	ds	1
   297  00001D                     _PWM_Multiplicador:
   298                           	opt callstack 0
   299  00001D                     	ds	1
   300  00001E                     _PWM_LowerByte:
   301                           	opt callstack 0
   302  00001E                     	ds	1
   303  00001F                     _ED_BufferEntradas:
   304                           	opt callstack 0
   305  00001F                     	ds	1
   306  000020                     _TDO_delay_kb:
   307                           	opt callstack 0
   308  000020                     	ds	1
   309  000021                     _TDO_flag_kb:
   310                           	opt callstack 0
   311  000021                     	ds	1
   312  000022                     _LCD_Tout:
   313                           	opt callstack 0
   314  000022                     	ds	1
   315                           
   316                           	psect	dataCOMRAM
   317  000023                     __pdataCOMRAM:
   318                           	opt callstack 0
   319  000023                     _TDO_col:
   320                           	opt callstack 0
   321  000023                     	ds	1
   322  000024                     _TDO_fila:
   323                           	opt callstack 0
   324  000024                     	ds	1
   325  000025                     _PWM_OffsetPeriodo:
   326                           	opt callstack 0
   327  000025                     	ds	1
   328  000026                     _PWM_UpperByte:
   329                           	opt callstack 0
   330  000026                     	ds	1
   331  000027                     _ED_Delay:
   332                           	opt callstack 0
   333  000027                     	ds	1
   334  000028                     _PWM_Frecuencia:
   335                           	opt callstack 0
   336  000028                     	ds	2
   337                           
   338                           	psect	cstackCOMRAM
   339  000000                     __pcstackCOMRAM:
   340                           	opt callstack 0
   341  000000                     
   342                           ; 1 bytes @ 0x0
   343 ;;
   344 ;;Main: autosize = 0, tempsize = 0, incstack = 0, save=0
   345 ;;
   346 ;; *************** function _main *****************
   347 ;; Defined at:
   348 ;;		line 58 in file "main.c"
   349 ;; Parameters:    Size  Location     Type
   350 ;;		None
   351 ;; Auto vars:     Size  Location     Type
   352 ;;		None
   353 ;; Return value:  Size  Location     Type
   354 ;;                  1    wreg      void 
   355 ;; Registers used:
   356 ;;		wreg, status,2, cstack
   357 ;; Tracked objects:
   358 ;;		On entry : 0/0
   359 ;;		On exit  : 0/0
   360 ;;		Unchanged: 0/0
   361 ;; Data sizes:     COMRAM   BANK0   BANK1   BANK2   BANK3   BANK4   BANK5   BANK6   BANK7
   362 ;;      Params:         0       0       0       0       0       0       0       0       0
   363 ;;      Locals:         0       0       0       0       0       0       0       0       0
   364 ;;      Temps:          0       0       0       0       0       0       0       0       0
   365 ;;      Totals:         0       0       0       0       0       0       0       0       0
   366 ;;Total ram usage:        0 bytes
   367 ;; Hardware stack levels required when called:    2
   368 ;; This function calls:
   369 ;;		_Aplicacion
   370 ;;		_Kit_Init
   371 ;;		_Tmr0_Init
   372 ;; This function is called by:
   373 ;;		Startup code after reset
   374 ;; This function uses a non-reentrant model
   375 ;;
   376                           
   377                           	psect	text0
   378  007F4E                     __ptext0:
   379                           	opt callstack 0
   380  007F4E                     _main:
   381                           	opt callstack 29
   382  007F4E                     
   383                           ;main.c: 60: Kit_Init ();
   384  007F4E  ECCD  F03F         	call	_Kit_Init	;wreg free
   385                           
   386                           ;main.c: 61: Tmr0_Init ();
   387  007F52  ECB2  F03F         	call	_Tmr0_Init	;wreg free
   388  007F56                     
   389                           ;main.c: 69: (INTCONbits.GIE = 1);
   390  007F56  8EF2               	bsf	242,7,c	;volatile
   391  007F58                     l1745:
   392                           
   393                           ;main.c: 71: {;main.c: 72: Aplicacion ();
   394  007F58  EC02  F010         	call	_Aplicacion	;wreg free
   395  007F5C  EFAC  F03F         	goto	l1745
   396  007F60  EF07  F010         	goto	start
   397  007F64                     __end_of_main:
   398                           	opt callstack 0
   399                           
   400 ;; *************** function _Tmr0_Init *****************
   401 ;; Defined at:
   402 ;;		line 67 in file "Firmware_Init/FW_InitTimer.c"
   403 ;; Parameters:    Size  Location     Type
   404 ;;		None
   405 ;; Auto vars:     Size  Location     Type
   406 ;;		None
   407 ;; Return value:  Size  Location     Type
   408 ;;                  1    wreg      void 
   409 ;; Registers used:
   410 ;;		wreg, status,2
   411 ;; Tracked objects:
   412 ;;		On entry : 0/0
   413 ;;		On exit  : 0/0
   414 ;;		Unchanged: 0/0
   415 ;; Data sizes:     COMRAM   BANK0   BANK1   BANK2   BANK3   BANK4   BANK5   BANK6   BANK7
   416 ;;      Params:         0       0       0       0       0       0       0       0       0
   417 ;;      Locals:         0       0       0       0       0       0       0       0       0
   418 ;;      Temps:          0       0       0       0       0       0       0       0       0
   419 ;;      Totals:         0       0       0       0       0       0       0       0       0
   420 ;;Total ram usage:        0 bytes
   421 ;; Hardware stack levels used:    1
   422 ;; Hardware stack levels required when called:    1
   423 ;; This function calls:
   424 ;;		Nothing
   425 ;; This function is called by:
   426 ;;		_main
   427 ;; This function uses a non-reentrant model
   428 ;;
   429                           
   430                           	psect	text1
   431  007F64                     __ptext1:
   432                           	opt callstack 0
   433  007F64                     _Tmr0_Init:
   434                           	opt callstack 29
   435  007F64                     
   436                           ;FW_InitTimer.c: 69: T0CONbits.TMR0ON = 0;
   437  007F64  9ED5               	bcf	213,7,c	;volatile
   438                           
   439                           ;FW_InitTimer.c: 70: T0CONbits.T08BIT = 1;
   440  007F66  8CD5               	bsf	213,6,c	;volatile
   441                           
   442                           ;FW_InitTimer.c: 71: T0CONbits.T0CS = 0;
   443  007F68  9AD5               	bcf	213,5,c	;volatile
   444                           
   445                           ;FW_InitTimer.c: 72: T0CONbits.PSA = 0;
   446  007F6A  96D5               	bcf	213,3,c	;volatile
   447                           
   448                           ;FW_InitTimer.c: 73: T0CONbits.T0PS0 = 1;
   449  007F6C  80D5               	bsf	213,0,c	;volatile
   450                           
   451                           ;FW_InitTimer.c: 74: T0CONbits.T0PS1 = 1;
   452  007F6E  82D5               	bsf	213,1,c	;volatile
   453                           
   454                           ;FW_InitTimer.c: 75: T0CONbits.T0PS2 = 1;
   455  007F70  84D5               	bsf	213,2,c	;volatile
   456                           
   457                           ;FW_InitTimer.c: 76: TMR0H = 0xFF;
   458  007F72  68D7               	setf	215,c	;volatile
   459  007F74                     
   460                           ;FW_InitTimer.c: 77: TMR0L = 209;
   461  007F74  0ED1               	movlw	209
   462  007F76  6ED6               	movwf	214,c	;volatile
   463  007F78                     
   464                           ;FW_InitTimer.c: 78: INTCONbits.TMR0IE = 1;
   465  007F78  8AF2               	bsf	242,5,c	;volatile
   466  007F7A                     
   467                           ;FW_InitTimer.c: 79: T0CONbits.TMR0ON = 1;
   468  007F7A  8ED5               	bsf	213,7,c	;volatile
   469  007F7C  0012               	return		;funcret
   470  007F7E                     __end_of_Tmr0_Init:
   471                           	opt callstack 0
   472                           
   473 ;; *************** function _Kit_Init *****************
   474 ;; Defined at:
   475 ;;		line 107 in file "Firmware_Init/FW_InitKit.c"
   476 ;; Parameters:    Size  Location     Type
   477 ;;		None
   478 ;; Auto vars:     Size  Location     Type
   479 ;;		None
   480 ;; Return value:  Size  Location     Type
   481 ;;                  1    wreg      void 
   482 ;; Registers used:
   483 ;;		wreg, status,2
   484 ;; Tracked objects:
   485 ;;		On entry : 0/0
   486 ;;		On exit  : 0/0
   487 ;;		Unchanged: 0/0
   488 ;; Data sizes:     COMRAM   BANK0   BANK1   BANK2   BANK3   BANK4   BANK5   BANK6   BANK7
   489 ;;      Params:         0       0       0       0       0       0       0       0       0
   490 ;;      Locals:         0       0       0       0       0       0       0       0       0
   491 ;;      Temps:          0       0       0       0       0       0       0       0       0
   492 ;;      Totals:         0       0       0       0       0       0       0       0       0
   493 ;;Total ram usage:        0 bytes
   494 ;; Hardware stack levels used:    1
   495 ;; Hardware stack levels required when called:    1
   496 ;; This function calls:
   497 ;;		Nothing
   498 ;; This function is called by:
   499 ;;		_main
   500 ;; This function uses a non-reentrant model
   501 ;;
   502                           
   503                           	psect	text2
   504  007F9A                     __ptext2:
   505                           	opt callstack 0
   506  007F9A                     _Kit_Init:
   507                           	opt callstack 29
   508  007F9A                     
   509                           ;FW_InitKit.c: 110: LATA = 0x00;
   510  007F9A  0E00               	movlw	0
   511  007F9C  6E89               	movwf	137,c	;volatile
   512                           
   513                           ;FW_InitKit.c: 111: LATB = 0x00;
   514  007F9E  0E00               	movlw	0
   515  007FA0  6E8A               	movwf	138,c	;volatile
   516                           
   517                           ;FW_InitKit.c: 112: LATC = 0x00;
   518  007FA2  0E00               	movlw	0
   519  007FA4  6E8B               	movwf	139,c	;volatile
   520                           
   521                           ;FW_InitKit.c: 113: LATD = 0x00;
   522  007FA6  0E00               	movlw	0
   523  007FA8  6E8C               	movwf	140,c	;volatile
   524                           
   525                           ;FW_InitKit.c: 114: LATE = 0x00;
   526  007FAA  0E00               	movlw	0
   527  007FAC  6E8D               	movwf	141,c	;volatile
   528  007FAE                     
   529                           ;FW_InitKit.c: 118: TRISA = 0xFF;
   530  007FAE  6892               	setf	146,c	;volatile
   531  007FB0                     
   532                           ;FW_InitKit.c: 120: TRISB = 0xFF;
   533  007FB0  6893               	setf	147,c	;volatile
   534  007FB2                     
   535                           ;FW_InitKit.c: 121: TRISC = 0xFF;
   536  007FB2  6894               	setf	148,c	;volatile
   537                           
   538                           ;FW_InitKit.c: 125: TRISD = 0x0C;
   539  007FB4  0E0C               	movlw	12
   540  007FB6  6E95               	movwf	149,c	;volatile
   541                           
   542                           ;FW_InitKit.c: 127: TRISE = 0x00;
   543  007FB8  0E00               	movlw	0
   544  007FBA  6E96               	movwf	150,c	;volatile
   545                           
   546                           ;FW_InitKit.c: 130: CMCON = 0x07;
   547  007FBC  0E07               	movlw	7
   548  007FBE  6EB4               	movwf	180,c	;volatile
   549                           
   550                           ;FW_InitKit.c: 131: ADCON1 = 0x0F;
   551  007FC0  0E0F               	movlw	15
   552  007FC2  6EC1               	movwf	193,c	;volatile
   553  007FC4  0012               	return		;funcret
   554  007FC6                     __end_of_Kit_Init:
   555                           	opt callstack 0
   556                           
   557 ;; *************** function _Aplicacion *****************
   558 ;; Defined at:
   559 ;;		line 84 in file "Aplicacion/Aplicacion.c"
   560 ;; Parameters:    Size  Location     Type
   561 ;;		None
   562 ;; Auto vars:     Size  Location     Type
   563 ;;		None
   564 ;; Return value:  Size  Location     Type
   565 ;;                  1    wreg      void 
   566 ;; Registers used:
   567 ;;		None
   568 ;; Tracked objects:
   569 ;;		On entry : 0/0
   570 ;;		On exit  : 0/0
   571 ;;		Unchanged: 0/0
   572 ;; Data sizes:     COMRAM   BANK0   BANK1   BANK2   BANK3   BANK4   BANK5   BANK6   BANK7
   573 ;;      Params:         0       0       0       0       0       0       0       0       0
   574 ;;      Locals:         0       0       0       0       0       0       0       0       0
   575 ;;      Temps:          0       0       0       0       0       0       0       0       0
   576 ;;      Totals:         0       0       0       0       0       0       0       0       0
   577 ;;Total ram usage:        0 bytes
   578 ;; Hardware stack levels used:    1
   579 ;; Hardware stack levels required when called:    1
   580 ;; This function calls:
   581 ;;		Nothing
   582 ;; This function is called by:
   583 ;;		_main
   584 ;; This function uses a non-reentrant model
   585 ;;
   586                           
   587                           	psect	text3
   588  002004                     __ptext3:
   589                           	opt callstack 0
   590  002004                     _Aplicacion:
   591                           	opt callstack 29
   592  002004  0012               	return		;funcret
   593  002006                     __end_of_Aplicacion:
   594                           	opt callstack 0
   595                           
   596 ;; *************** function _myISR *****************
   597 ;; Defined at:
   598 ;;		line 68 in file "Firmware_Driver/FW_Interrupt.c"
   599 ;; Parameters:    Size  Location     Type
   600 ;;		None
   601 ;; Auto vars:     Size  Location     Type
   602 ;;		None
   603 ;; Return value:  Size  Location     Type
   604 ;;                  1    wreg      void 
   605 ;; Registers used:
   606 ;;		wreg, status,2
   607 ;; Tracked objects:
   608 ;;		On entry : 0/0
   609 ;;		On exit  : 0/0
   610 ;;		Unchanged: 0/0
   611 ;; Data sizes:     COMRAM   BANK0   BANK1   BANK2   BANK3   BANK4   BANK5   BANK6   BANK7
   612 ;;      Params:         0       0       0       0       0       0       0       0       0
   613 ;;      Locals:         0       0       0       0       0       0       0       0       0
   614 ;;      Temps:          0       0       0       0       0       0       0       0       0
   615 ;;      Totals:         0       0       0       0       0       0       0       0       0
   616 ;;Total ram usage:        0 bytes
   617 ;; Hardware stack levels used:    1
   618 ;; This function calls:
   619 ;;		Nothing
   620 ;; This function is called by:
   621 ;;		Interrupt level 2
   622 ;; This function uses a non-reentrant model
   623 ;;
   624                           
   625                           	psect	intcode
   626  002008                     __pintcode:
   627                           	opt callstack 0
   628  002008                     _myISR:
   629                           	opt callstack 29
   630                           
   631                           ;incstack = 0
   632  002008  822A               	bsf	int$flags,1,c	;set compiler interrupt flag (level 2)
   633  00200A  EDBF  F03F         	call	int_func,f	;refresh shadow registers
   634                           
   635                           	psect	intcode_body
   636  007F7E                     __pintcode_body:
   637                           	opt callstack 29
   638  007F7E                     int_func:
   639                           	opt callstack 29
   640  007F7E  0006               	pop		; remove dummy address from shadow register refresh
   641  007F80                     
   642                           ;FW_Interrupt.c: 75: if(TMR0IF)
   643  007F80  A4F2               	btfss	4082,2,c	;volatile
   644  007F82  EFC5  F03F         	goto	i2u26_41
   645  007F86  EFC7  F03F         	goto	i2u26_40
   646  007F8A                     i2u26_41:
   647  007F8A  EFCB  F03F         	goto	i2l15
   648  007F8E                     i2u26_40:
   649  007F8E                     
   650                           ;FW_Interrupt.c: 76: {;FW_Interrupt.c: 77: TMR0IF = 0;
   651  007F8E  94F2               	bcf	4082,2,c	;volatile
   652                           
   653                           ;FW_Interrupt.c: 78: TMR0H = 0xFF;
   654  007F90  68D7               	setf	215,c	;volatile
   655  007F92                     
   656                           ;FW_Interrupt.c: 79: TMR0L = 209;
   657  007F92  0ED1               	movlw	209
   658  007F94  6ED6               	movwf	214,c	;volatile
   659  007F96                     i2l15:
   660  007F96  922A               	bcf	int$flags,1,c	;clear compiler interrupt flag (level 2)
   661  007F98  0011               	retfie		f
   662  007F9A                     __end_of_myISR:
   663                           	opt callstack 0
   664                           
   665                           	psect	rparam
   666  0000                     
   667                           	psect	temp
   668  00002A                     btemp:
   669                           	opt callstack 0
   670  00002A                     	ds	1
   671  0000                     int$flags	set	btemp
   672  0000                     wtemp8	set	btemp+1
   673  0000                     ttemp5	set	btemp+1
   674  0000                     ttemp6	set	btemp+4
   675  0000                     ttemp7	set	btemp+8
   676                           tosu	equ	0xFFF
   677                           tosh	equ	0xFFE
   678                           tosl	equ	0xFFD
   679                           stkptr	equ	0xFFC
   680                           pclatu	equ	0xFFB
   681                           pclath	equ	0xFFA
   682                           pcl	equ	0xFF9
   683                           tblptru	equ	0xFF8
   684                           tblptrh	equ	0xFF7
   685                           tblptrl	equ	0xFF6
   686                           tablat	equ	0xFF5
   687                           prodh	equ	0xFF4
   688                           prodl	equ	0xFF3
   689                           indf0	equ	0xFEF
   690                           postinc0	equ	0xFEE
   691                           postdec0	equ	0xFED
   692                           preinc0	equ	0xFEC
   693                           plusw0	equ	0xFEB
   694                           fsr0h	equ	0xFEA
   695                           fsr0l	equ	0xFE9
   696                           wreg	equ	0xFE8
   697                           indf1	equ	0xFE7
   698                           postinc1	equ	0xFE6
   699                           postdec1	equ	0xFE5
   700                           preinc1	equ	0xFE4
   701                           plusw1	equ	0xFE3
   702                           fsr1h	equ	0xFE2
   703                           fsr1l	equ	0xFE1
   704                           bsr	equ	0xFE0
   705                           indf2	equ	0xFDF
   706                           postinc2	equ	0xFDE
   707                           postdec2	equ	0xFDD
   708                           preinc2	equ	0xFDC
   709                           plusw2	equ	0xFDB
   710                           fsr2h	equ	0xFDA
   711                           fsr2l	equ	0xFD9
   712                           status	equ	0xFD8


Data Sizes:
    Strings     0
    Constant    76
    Data        7
    BSS         34
    Persistent  0
    Stack       0

Auto Spaces:
    Space          Size  Autos    Used
    COMRAM           94      0      41
    BANK0           160      0       0
    BANK1           256      0       0
    BANK2           256      0       0
    BANK3           256      0       0
    BANK4           256      0       0
    BANK5           256      0       0
    BANK6           256      0       0
    BANK7           256      0       0

Pointer List with Targets:

    None.

Critical Paths under _main in COMRAM

    None.

Critical Paths under _myISR in COMRAM

    None.

Critical Paths under _main in BANK0

    None.

Critical Paths under _myISR in BANK0

    None.

Critical Paths under _main in BANK1

    None.

Critical Paths under _myISR in BANK1

    None.

Critical Paths under _main in BANK2

    None.

Critical Paths under _myISR in BANK2

    None.

Critical Paths under _main in BANK3

    None.

Critical Paths under _myISR in BANK3

    None.

Critical Paths under _main in BANK4

    None.

Critical Paths under _myISR in BANK4

    None.

Critical Paths under _main in BANK5

    None.

Critical Paths under _myISR in BANK5

    None.

Critical Paths under _main in BANK6

    None.

Critical Paths under _myISR in BANK6

    None.

Critical Paths under _main in BANK7

    None.

Critical Paths under _myISR in BANK7

    None.

Call Graph Tables:

 ---------------------------------------------------------------------------------
 (Depth) Function   	        Calls       Base Space   Used Autos Params    Refs
 ---------------------------------------------------------------------------------
 (0) _main                                                 0     0      0       0
                         _Aplicacion
                           _Kit_Init
                          _Tmr0_Init
 ---------------------------------------------------------------------------------
 (1) _Tmr0_Init                                            0     0      0       0
 ---------------------------------------------------------------------------------
 (1) _Kit_Init                                             0     0      0       0
 ---------------------------------------------------------------------------------
 (1) _Aplicacion                                           0     0      0       0
 ---------------------------------------------------------------------------------
 Estimated maximum stack depth 1
 ---------------------------------------------------------------------------------
 (Depth) Function   	        Calls       Base Space   Used Autos Params    Refs
 ---------------------------------------------------------------------------------
 (2) _myISR                                                0     0      0       0
 ---------------------------------------------------------------------------------
 Estimated maximum stack depth 2
 ---------------------------------------------------------------------------------

 Call Graph Graphs:

 _main (ROOT)
   _Aplicacion
   _Kit_Init
   _Tmr0_Init

 _myISR (ROOT)

 Address spaces:
Name               Size   Autos  Total    Cost      Usage
BIGRAM             7FF      0       0      21        0.0%
EEDATA             100      0       0       0        0.0%
BITBANK7           100      0       0      18        0.0%
BANK7              100      0       0      19        0.0%
BITBANK6           100      0       0      16        0.0%
BANK6              100      0       0      17        0.0%
BITBANK5           100      0       0      14        0.0%
BANK5              100      0       0      15        0.0%
BITBANK4           100      0       0      12        0.0%
BANK4              100      0       0      13        0.0%
BITBANK3           100      0       0      10        0.0%
BANK3              100      0       0      11        0.0%
BITBANK2           100      0       0       8        0.0%
BANK2              100      0       0       9        0.0%
BITBANK1           100      0       0       6        0.0%
BANK1              100      0       0       7        0.0%
BITBANK0            A0      0       0       4        0.0%
BANK0               A0      0       0       5        0.0%
BITCOMRAM           5E      0       0       0        0.0%
COMRAM              5E      0      29       1       43.6%
BITSFR               0      0       0     200        0.0%
SFR                  0      0       0     200        0.0%
STACK                0      0       0       2        0.0%
NULL                 0      0       0       0        0.0%
ABS                  0      0      29      20        0.0%
DATA                 0      0      29       3        0.0%
CODE                 0      0       0       0        0.0%


Microchip Technology PIC18 Macro Assembler V2.10 build 88905656 
Symbol Table                                                                                   Thu Nov  7 13:27:55 2019

                          l3 2004                  __CFG_BOR$ON 000000                  __CFG_BORV$3 000000  
               __CFG_CP0$OFF 000000                 __CFG_CP1$OFF 000000                          l137 7F7C  
                        l167 7FC4                 __CFG_CPB$OFF 000000                          _PR2 000FCB  
                        wreg 000FE8                 __CFG_LVP$OFF 000000                 __CFG_WDT$OFF 000000  
                       l1351 7F64                         l1361 7FAE                         l1353 7F74  
                       l1363 7FB0                         l1355 7F78                         l1365 7FB2  
                       l1357 7F7A                         l1359 7F9A                         l1741 7F4E  
                       l1743 7F56                         l1745 7F58                         _LATA 000F89  
                       _LATB 000F8A                         _LATC 000F8B                         _LATD 000F8C  
                       _LATE 000F8D                         _BUSY 007B24                         _RBIE 007F93  
                       _RBIF 007F90                         i2l15 7F96                         _RBIP 007F88  
                       _RBPU 007F8F                         _main 7F4E                         fsr1l 000FE1  
                       btemp 002A                         start 200E                __CFG_IESO$OFF 000000  
        _LCD_CharactersCGRAM 2019                __CFG_MCLRE$ON 000000                 ___param_bank 000000  
                 _Aplicacion 2004                __CFG_PLLDIV$5 000000                        ?_main 0000  
                      _EEADR 000FA9                        _CMCON 000FB4                        _RCREG 000FAE  
                      _TMR0H 000FD7                        _TMR1H 000FCF                        _TMR0L 000FD6  
                      _TMR1L 000FCE                        _SPBRG 000FAF                        _PORTA 000F80  
                      _PORTB 000F81                __CFG_USBDIV$2 000000                        _TRISA 000F92  
                      _TRISB 000F93                        _TRISC 000F94                        _TRISD 000F95  
                      _TRISE 000F96                        _TXREG 000FAD                __CFG_PWRT$OFF 000000  
              __CFG_WRT0$OFF 000000                __CFG_WRT1$OFF 000000               __CFG_EBTR0$OFF 000000  
             __CFG_FCMEN$OFF 000000               __CFG_EBTR1$OFF 000000                __CFG_WRTB$OFF 000000  
              __CFG_WRTC$OFF 000000               __CFG_EBTRB$OFF 000000                        _myISR 2008  
                      tablat 000FF5                        ttemp5 002B                        ttemp6 002E  
                      ttemp7 0032                        wtemp8 002B                _PWM_LowerByte 001E  
            __initialization 7FC6                 __end_of_main 7F64             __end_of_Kit_Init 7FC6  
                     ??_main 0000                __activetblptr 000002                _PWM_UpperByte 0026  
              _MCTMR_Eventos 0017                       _ADCON1 000FC1                       _ADCON2 000FC0  
                     ?_myISR 0000                       _ADRESH 000FC4                       _ADRESL 000FC3  
                     _EEDATA 000FA8                       _CCPR1L 000FBE                       _EECON2 000FA7  
             _PWM_Frecuencia 0028                       i2l1371 7F80                       i2l1373 7F8E  
                     i2l1375 7F92                       _TMR0IF 007F92                       _SPBRGH 000FB0  
             __CFG_VREGEN$ON 000000               __CFG_XINST$OFF 000000           __size_of_Tmr0_Init 001A  
             __CFG_STVREN$ON 000000                  ?_Aplicacion 0000       ED_CuentaPulsos@antkey0 001B  
     ED_CuentaPulsos@antkey1 001A       ED_CuentaPulsos@antkey2 0019       ED_CuentaPulsos@antkey3 0018  
                     clear_0 7FEC                       _teclas 2059                 __pdataCOMRAM 0023  
               __mediumconst 0000                       tblptrh 000FF7                       tblptrl 000FF6  
                     tblptru 000FF8            _PWM_Multiplicador 001D                   __accesstop 0060  
    __end_of__initialization 7FF2              __CFG_PBADEN$OFF 000000                ___rparam_used 000001  
             __pcstackCOMRAM 0000                __end_of_myISR 7F9A                      ??_myISR 0000  
          __end_of_Tmr0_Init 7F7E          __size_of_Aplicacion 0002                    ?_Kit_Init 0000  
                    i2u26_40 7F8E                      i2u26_41 7F8A                      _TDO_col 0023  
                 ??_Kit_Init 0000                      __Hparam 0000  ED_Debounce@contador_estados 0011  
                    __Lparam 0000                 __psmallconst 2018                      __pcinit 7FC6  
                    __ramtop 0800                      __ptext0 7F4E                      __ptext1 7F64  
                    __ptext2 7F9A                      __ptext3 2004                    _T0CONbits 000FD5  
                  _T1CONbits 000FCD                    _T2CONbits 000FCA               __pintcode_body 7F7E  
       end_of_initialization 7FF2                    _MCTMR_Run 0001                __Lmediumconst 0000  
                    int_func 7F7E                    _RCSTAbits 000FAB                      postdec1 000FE5  
                    postinc0 000FEE  __end_of_LCD_CharactersCGRAM 2059                 ??_Aplicacion 0000  
                  _PORTBbits 000F81                    _PORTDbits 000F83                    _PORTEbits 000F84  
                  _TRISAbits 000F92                    _TRISCbits 000F94                    _TRISEbits 000F96  
         __end_of_Aplicacion 2006                  _CCP1CONbits 000FBD                    _TXSTAbits 000FAC  
                _BAUDCONbits 000FB8                __pidataCOMRAM 7F47               __end_of_teclas 2065  
        start_initialization 7FC6                    _Tmr0_Init 7F64            __size_of_Kit_Init 002C  
           __CFG_LPT1OSC$OFF 000000                  __pbssCOMRAM 0001                   ?_Tmr0_Init 0000  
                  __pintcode 2008                  __smallconst 2018               __size_of_myISR 5F92  
                   _ED_Delay 0027                     _LCD_Tout 0022          _PWM_MedioPeriodoSet 0015  
                   _PIE1bits 000F9D            _PWM_OffsetPeriodo 0025                     _PIR1bits 000F9E  
           __CFG_WDTPS$32768 000000                     _TDO_fila 0024                   _ADCON0bits 000FC2  
                  copy_data0 7FDA                     _Kit_Init 7F9A                  ??_Tmr0_Init 0000  
                 _EECON1bits 000FA6                     __Hrparam 0000                     __Lrparam 0000  
              __size_of_main 0016                     int$flags 002A        __CFG_CPUDIV$OSC1_PLL2 000000  
                 _INTCONbits 000FF2                     intlevel2 0000            _ED_BufferEntradas 001F  
               _TDO_delay_kb 0020         _PWM_MultiplicadorSet 001C                  _TDO_flag_kb 0021  
         __CFG_FOSC$HSPLL_HS 000000  
